<?xml version="1.0" encoding="UTF-8"?>
<!-- Generated by org.testng.reporters.JUnitReportReporter -->
<testsuite skipped="0" hostname="LAPTOP-TO602G7N" name="TEST.VerifyPlz" tests="1" failures="0" timestamp="2020-08-30T12:19:27 CDT" time="8.314" errors="0">
  <testcase name="browser" time="8.314" classname="TEST.VerifyPlz"/>
  <system-out/>
</testsuite> <!-- TEST.VerifyPlz -->
